Removed Pin From Net: NetName=GND Pin=J?-1
Removed Pin From Net: NetName=GND Pin=J?-3
Removed Pin From Net: NetName=GND Pin=J?-5
Removed Pin From Net: NetName=GND Pin=J?-7
Change Component Designator: OldDesignator=C? NewDesignator=C9
Change Component Designator: OldDesignator=C? NewDesignator=C10
Change Component Designator: OldDesignator=C? NewDesignator=C11
Change Component Designator: OldDesignator=C? NewDesignator=C12
Change Component Designator: OldDesignator=C? NewDesignator=C16
Change Component Designator: OldDesignator=C? NewDesignator=C17
Change Component Designator: OldDesignator=D? NewDesignator=D1
Change Component Designator: OldDesignator=D? NewDesignator=D2
Change Component Designator: OldDesignator=D? NewDesignator=D3
Change Component Designator: OldDesignator=D? NewDesignator=D4
Change Component Designator: OldDesignator=D? NewDesignator=D5
Change Component Designator: OldDesignator=D? NewDesignator=D6
Change Component Designator: OldDesignator=IC? NewDesignator=IC2
Change Component Designator: OldDesignator=IC? NewDesignator=IC3
Change Component Designator: OldDesignator=J? NewDesignator=J1
Change Component Designator: OldDesignator=Q? NewDesignator=Q8
Change Component Designator: OldDesignator=Q? NewDesignator=Q9
Change Component Designator: OldDesignator=R? NewDesignator=R18
Change Component Designator: OldDesignator=R? NewDesignator=R19
Change Component Designator: OldDesignator=R? NewDesignator=R20
Change Component Designator: OldDesignator=R? NewDesignator=R21
Change Component Designator: OldDesignator=U? NewDesignator=U4
Added Pin To Net: NetName=GND Pin=J1-1
Added Pin To Net: NetName=GND Pin=J1-3
Added Pin To Net: NetName=GND Pin=J1-5
Added Pin To Net: NetName=GND Pin=J1-7
Change Net Name : Old Net Name=NetD?_1 New Net Name=NetD3_1
Change Net Name : Old Net Name=NetD?_2 New Net Name=NetD1_2
Change Net Name : Old Net Name=NetJ?_2 New Net Name=NetJ1_2
Change Net Name : Old Net Name=NetR?_1 New Net Name=NetR19_1
Added Pin To Net: NetName=NetD1_1 Pin=D1-1
Added Pin To Net: NetName=NetD1_1 Pin=D2-2
Added Net: Name=NetD1_1
Added Pin To Net: NetName=NetD2_1 Pin=D2-1
Added Pin To Net: NetName=NetD2_1 Pin=D3-2
Added Net: Name=NetD2_1
Added Pin To Net: NetName=NetD4_1 Pin=D4-1
Added Pin To Net: NetName=NetD4_1 Pin=D5-2
Added Net: Name=NetD4_1
Added Pin To Net: NetName=NetD5_1 Pin=D5-1
Added Pin To Net: NetName=NetD5_1 Pin=D6-2
Added Net: Name=NetD5_1
Added Pin To Net: NetName=NetD6_1 Pin=D6-1
Added Pin To Net: NetName=NetD6_1 Pin=Q9-4
Added Pin To Net: NetName=NetD6_1 Pin=R21-2
Added Net: Name=NetD6_1
Added Member To Class: ClassName=Power Member=Component C10 UWT1H101MNL1GS
Added Member To Class: ClassName=Power Member=Component C11 1uF
Added Member To Class: ClassName=Power Member=Component C12 1uF
Added Member To Class: ClassName=Power Member=Component C16 1uF
Added Member To Class: ClassName=Power Member=Component C17 UWT1H101MNL1GS
Added Member To Class: ClassName=Power Member=Component D2 1SS355VMTE-17
Added Member To Class: ClassName=Power Member=Component D3 1SS355VMTE-17
Added Member To Class: ClassName=Power Member=Component D4 1SS355VMTE-17
Added Member To Class: ClassName=Power Member=Component D5 1SS355VMTE-17
Added Member To Class: ClassName=Power Member=Component D6 1SS355VMTE-17
Added Member To Class: ClassName=Power Member=Component IC3 L7912CD2T-TR
Added Member To Class: ClassName=Power Member=Component Q9 SQJ152ELP-T1_GE3
Added Member To Class: ClassName=Power Member=Component R19 AC1206FR-104K7L
Added Member To Class: ClassName=Power Member=Component R20 AC1206FR-104K7L
Added Member To Class: ClassName=Power Member=Component R21 AC1206FR-104K7L
