Remove Pin from Net: Failed to remove Pin
Remove Pin from Net: Failed to remove Pin
Remove Pin from Net: Failed to remove Pin
Remove Pin from Net: Failed to remove Pin
Added Component: Designator=JIN(PHOE-1714955_V)
Add component (AddParameter): Name = "Datasheet URL"; Value = "http://media.digikey.com/pdf/Data%20Sheets/Phoenix%20Contact%20PDFs/1714955.pdf"; VariantName = "[No Variations]"
Add component (AddParameter): Name = "Datasheet Version"; Value = "02/2010"; VariantName = "[No Variations]"
Add component (AddParameter): Name = "Manufacturer"; Value = "Phoenix Contact"; VariantName = "[No Variations]"
Add component (AddParameter): Name = "Manufacturer URL"; Value = "http://www.phoenixcontact.com/"; VariantName = "[No Variations]"
Add component (AddParameter): Name = "Mounting Technology"; Value = "ThroughHole"; VariantName = "[No Variations]"
Add component (AddParameter): Name = "Package Description"; Value = "PC Terminal Block, Pitch 6.35 mm, 1 x 2 Position, Height 21.5 mm, Tail Lenght 5.1 mm"; VariantName = "[No Variations]"
Add component (AddParameter): Name = "Package Reference"; Value = "1714955"; VariantName = "[No Variations]"
Added Pin To Net: NetName=GND Pin=J1-1
Added Pin To Net: NetName=GND Pin=J1-3
Added Pin To Net: NetName=GND Pin=J1-5
Added Pin To Net: NetName=GND Pin=J1-7
Added Pin To Net: NetName=-18 Pin=JIN-1
Added Pin To Net: NetName=+18 Pin=JIN-2
Added Member To Class: ClassName=Power Member=Component JIN 1714955
Added Member To Class: ClassName=Power Member=Component U4 TLV9152IDR
Added Room: Name=Analog
Added Room: Name=DAC
Added Room: Name=Fan Controller
Added Room: Name=Main
Added Room: Name=MCU
Added Room: Name=Power
Added Room: Name=Sense Amplifier
